<?xml version="1.0" encoding="UTF-8"?>
<!-- Generated by org.testng.reporters.JUnitReportReporter -->
<testsuite skipped="0" hostname="SUBHASH" name="macys.testscript" tests="1" failures="0" timestamp="2019-09-09T21:31:46 IST" time="19.452" errors="0">
  <testcase name="macysapp" time="19.452" classname="macys.testscript"/>
</testsuite> <!-- macys.testscript -->
