<?xml version="1.0" encoding="UTF-8"?>
<!-- Generated by org.testng.reporters.JUnitReportReporter -->
<testsuite skipped="0" hostname="SUBHASH" name="macys.macys" tests="1" failures="0" timestamp="2019-09-08T22:53:49 IST" time="14.265" errors="0">
  <testcase name="test" time="14.265" classname="macys.macys"/>
</testsuite> <!-- macys.macys -->
